Using pre-set license
Built from '2020.3/staging' branch; Version is '2020.3.8f1 (507919d4fff5) revision 5273881'; Using compiler version '192528614'; Build Type 'Release'
OS: 'Windows 10 Home; OS build 19041.985; Version 2004; 64bit' Language: 'en' Physical Memory: 12161 MB
BatchMode: 1, IsHumanControllingUs: 0, StartBugReporterOnCrash: 0, Is64bit: 1, IsPro: 0

 COMMAND LINE ARGUMENTS:
C:\Program Files\Unity\Hub\Editor\2020.3.8f1\Editor\Unity.exe
-adb2
-batchMode
-noUpm
-name
AssetImportWorker2
-projectPath
C:/Users/camic/Documents/popsipocalyp/Popsipocalyptic
-logFile
Logs/AssetImportWorker2.log
-srvPort
56809
Successfully changed project path to: C:/Users/camic/Documents/popsipocalyp/Popsipocalyptic
C:/Users/camic/Documents/popsipocalyp/Popsipocalyptic
Using Asset Import Pipeline V2.
Refreshing native plugins compatible for Editor in 44.23 ms, found 0 plugins.
Preloading 0 native plugins for Editor in 0.00 ms.
Initialize engine version: 2020.3.8f1 (507919d4fff5)
[Subsystems] Discovering subsystems at path C:/Program Files/Unity/Hub/Editor/2020.3.8f1/Editor/Data/Resources/UnitySubsystems
[Subsystems] Discovering subsystems at path C:/Users/camic/Documents/popsipocalyp/Popsipocalyptic/Assets
GfxDevice: creating device client; threaded=0
Direct3D:
    Version:  Direct3D 11.0 [level 11.1]
    Renderer: NVIDIA GeForce MX150 (ID=0x1d10)
    Vendor:   
    VRAM:     4027 MB
    Driver:   27.21.14.6230
Initialize mono
Mono path[0] = 'C:/Program Files/Unity/Hub/Editor/2020.3.8f1/Editor/Data/Managed'
Mono path[1] = 'C:/Program Files/Unity/Hub/Editor/2020.3.8f1/Editor/Data/MonoBleedingEdge/lib/mono/unityjit'
Mono config path = 'C:/Program Files/Unity/Hub/Editor/2020.3.8f1/Editor/Data/MonoBleedingEdge/etc'
Using monoOptions --debugger-agent=transport=dt_socket,embedding=1,server=y,suspend=n,address=127.0.0.1:56724
Begin MonoManager ReloadAssembly
Registering precompiled unity dll's ...
Register platform support module: C:/Program Files/Unity/Hub/Editor/2020.3.8f1/Editor/Data/PlaybackEngines/WindowsStandaloneSupport/UnityEditor.WindowsStandalone.Extensions.dll
Registered in 0.003601 seconds.
Native extension for WindowsStandalone target not found
Refreshing native plugins compatible for Editor in 31.49 ms, found 0 plugins.
Preloading 0 native plugins for Editor in 0.00 ms.
Mono: successfully reloaded assembly
- Completed reload, in  1.725 seconds
Platform modules already initialized, skipping
Registering precompiled user dll's ...
Registered in 0.001270 seconds.
Begin MonoManager ReloadAssembly
Native extension for WindowsStandalone target not found
Refreshing native plugins compatible for Editor in 0.26 ms, found 0 plugins.
Preloading 0 native plugins for Editor in 0.00 ms.
Mono: successfully reloaded assembly
- Completed reload, in  3.009 seconds
Platform modules already initialized, skipping
========================================================================
Worker process is ready to serve import requests
Launched and connected shader compiler UnityShaderCompiler.exe after 0.17 seconds
Refreshing native plugins compatible for Editor in 0.32 ms, found 0 plugins.
Preloading 0 native plugins for Editor in 0.00 ms.
Unloading 1128 Unused Serialized files (Serialized files now loaded: 0)
System memory in use before: 73.0 MB.
System memory in use after: 73.0 MB.

Unloading 9 unused Assets to reduce memory usage. Loaded Objects now: 1594.
Total: 1.847200 ms (FindLiveObjects: 0.148300 ms CreateObjectMapping: 0.028400 ms MarkObjects: 1.574100 ms  DeleteObjects: 0.095500 ms)

========================================================================
Received Import Request.
  path: Assets/Audio
  artifactKey: Guid(63e4ef007ffd912469407054c2a22268) Importer(815301076,1909f56bfc062723c751e8b465ee728b)
Start importing Assets/Audio using Guid(63e4ef007ffd912469407054c2a22268) Importer(815301076,1909f56bfc062723c751e8b465ee728b)  -> (artifact id: '29ad49f2a17b49fbdb519a03db73f0ff') in 0.040235 seconds
  Import took 0.198553 seconds .

========================================================================
Received Prepare
Registering precompiled user dll's ...
Registered in 0.001281 seconds.
Begin MonoManager ReloadAssembly
Native extension for WindowsStandalone target not found
Refreshing native plugins compatible for Editor in 0.25 ms, found 0 plugins.
Preloading 0 native plugins for Editor in 0.00 ms.
Mono: successfully reloaded assembly
- Completed reload, in  1.221 seconds
Platform modules already initialized, skipping
Refreshing native plugins compatible for Editor in 0.30 ms, found 0 plugins.
Preloading 0 native plugins for Editor in 0.00 ms.
Unloading 1110 Unused Serialized files (Serialized files now loaded: 0)
System memory in use before: 71.6 MB.
System memory in use after: 71.7 MB.

Unloading 5 unused Assets to reduce memory usage. Loaded Objects now: 1597.
Total: 2.341000 ms (FindLiveObjects: 0.180300 ms CreateObjectMapping: 0.042800 ms MarkObjects: 2.048800 ms  DeleteObjects: 0.067900 ms)

========================================================================
Received Import Request.
  Time since last request: 894.176927 seconds.
  path: Assets/Scenes
  artifactKey: Guid(3d826baebc0aee1479347f47e6cd9aa2) Importer(815301076,1909f56bfc062723c751e8b465ee728b)
Start importing Assets/Scenes using Guid(3d826baebc0aee1479347f47e6cd9aa2) Importer(815301076,1909f56bfc062723c751e8b465ee728b)  -> (artifact id: 'd3eb0d4061468528050a73539330024e') in 0.020657 seconds
  Import took 0.086213 seconds .

========================================================================
Received Import Request.
  Time since last request: 17.800966 seconds.
  path: Assets/Audio/9124c752010bf89dfae66dd310b1dc03.mp3
  artifactKey: Guid(4bb9fa75b9826bf49a1b227824d524ba) Importer(815301076,1909f56bfc062723c751e8b465ee728b)
Start importing Assets/Audio/9124c752010bf89dfae66dd310b1dc03.mp3 using Guid(4bb9fa75b9826bf49a1b227824d524ba) Importer(815301076,1909f56bfc062723c751e8b465ee728b)  -> (artifact id: '76020fdc709e32f5c5b9cf5389db31ff') in 1.293720 seconds
  Import took 1.344312 seconds .

========================================================================
Received Import Request.
  Time since last request: 14.859750 seconds.
  path: Assets/Audio/Música de fondo.ogg
  artifactKey: Guid(ef0e7324d8f3aaf43b756b63184e13bf) Importer(815301076,1909f56bfc062723c751e8b465ee728b)
Start importing Assets/Audio/Música de fondo.ogg using Guid(ef0e7324d8f3aaf43b756b63184e13bf) Importer(815301076,1909f56bfc062723c751e8b465ee728b)  -> (artifact id: '148bdd7f05f8cabe1e14c01a7da3c5e9') in 0.069681 seconds
  Import took 0.160995 seconds .

========================================================================
Received Prepare
Registering precompiled user dll's ...
Registered in 0.001113 seconds.
Begin MonoManager ReloadAssembly
Native extension for WindowsStandalone target not found
Refreshing native plugins compatible for Editor in 0.21 ms, found 0 plugins.
Preloading 0 native plugins for Editor in 0.00 ms.
Mono: successfully reloaded assembly
- Completed reload, in  0.943 seconds
Platform modules already initialized, skipping
Refreshing native plugins compatible for Editor in 0.24 ms, found 0 plugins.
Preloading 0 native plugins for Editor in 0.00 ms.
Unloading 1110 Unused Serialized files (Serialized files now loaded: 0)
System memory in use before: 74.8 MB.
System memory in use after: 74.9 MB.

Unloading 5 unused Assets to reduce memory usage. Loaded Objects now: 1609.
Total: 2.058400 ms (FindLiveObjects: 0.178000 ms CreateObjectMapping: 0.045800 ms MarkObjects: 1.763700 ms  DeleteObjects: 0.069300 ms)

