Using pre-set license
Built from '2020.3/staging' branch; Version is '2020.3.0f1 (c7b5465681fb) revision 13088070'; Using compiler version '192528614'; Build Type 'Release'
OS: 'Windows 10 Home Single Language; OS build 19042.928; Version 2009; 64bit' Language: 'es' Physical Memory: 16265 MB
BatchMode: 1, IsHumanControllingUs: 0, StartBugReporterOnCrash: 0, Is64bit: 1, IsPro: 0

 COMMAND LINE ARGUMENTS:
C:\Program Files\Unity\Hub\Editor\2020.3.0f1\Editor\Unity.exe
-adb2
-batchMode
-noUpm
-name
AssetImportWorker0
-projectPath
C:/Users/juanp/OneDrive - Pontificia Universidad Javeriana/Documents/Unity/2021 Dise単o de VideoJuegos/test
-logFile
Logs/AssetImportWorker0.log
-srvPort
65100
Successfully changed project path to: C:/Users/juanp/OneDrive - Pontificia Universidad Javeriana/Documents/Unity/2021 Dise単o de VideoJuegos/test
C:/Users/juanp/OneDrive - Pontificia Universidad Javeriana/Documents/Unity/2021 Dise単o de VideoJuegos/test
Using Asset Import Pipeline V2.
Refreshing native plugins compatible for Editor in 45.02 ms, found 0 plugins.
Preloading 0 native plugins for Editor in 0.00 ms.
Initialize engine version: 2020.3.0f1 (c7b5465681fb)
[Subsystems] Discovering subsystems at path C:/Program Files/Unity/Hub/Editor/2020.3.0f1/Editor/Data/Resources/UnitySubsystems
[Subsystems] Discovering subsystems at path C:/Users/juanp/OneDrive - Pontificia Universidad Javeriana/Documents/Unity/2021 Dise単o de VideoJuegos/test/Assets
GfxDevice: creating device client; threaded=0
Direct3D:
    Version:  Direct3D 11.0 [level 11.0]
    Renderer: NVIDIA GeForce MX130 (ID=0x174d)
    Vendor:   
    VRAM:     2010 MB
    Driver:   27.21.14.6589
Initialize mono
Mono path[0] = 'C:/Program Files/Unity/Hub/Editor/2020.3.0f1/Editor/Data/Managed'
Mono path[1] = 'C:/Program Files/Unity/Hub/Editor/2020.3.0f1/Editor/Data/MonoBleedingEdge/lib/mono/unityjit'
Mono config path = 'C:/Program Files/Unity/Hub/Editor/2020.3.0f1/Editor/Data/MonoBleedingEdge/etc'
Using monoOptions --debugger-agent=transport=dt_socket,embedding=1,server=y,suspend=n,address=127.0.0.1:56480
Begin MonoManager ReloadAssembly
Registering precompiled unity dll's ...
Register platform support module: C:/Program Files/Unity/Hub/Editor/2020.3.0f1/Editor/Data/PlaybackEngines/WindowsStandaloneSupport/UnityEditor.WindowsStandalone.Extensions.dll
Registered in 0.002900 seconds.
Native extension for WindowsStandalone target not found
Refreshing native plugins compatible for Editor in 55.31 ms, found 0 plugins.
Preloading 0 native plugins for Editor in 0.00 ms.
Invoked RoslynAnalysisRunner static constructor.
RoslynAnalysisRunner will not be running.
RoslynAnalysisRunner has terminated.
Mono: successfully reloaded assembly
- Completed reload, in  1.945 seconds
Platform modules already initialized, skipping
Registering precompiled user dll's ...
Registered in 0.001205 seconds.
Begin MonoManager ReloadAssembly
Native extension for WindowsStandalone target not found
Refreshing native plugins compatible for Editor in 0.39 ms, found 0 plugins.
Preloading 0 native plugins for Editor in 0.00 ms.
Invoked RoslynAnalysisRunner static constructor.
RoslynAnalysisRunner will not be running.
RoslynAnalysisRunner has terminated.
Mono: successfully reloaded assembly
- Completed reload, in  1.404 seconds
Platform modules already initialized, skipping
========================================================================
Worker process is ready to serve import requests
Launched and connected shader compiler UnityShaderCompiler.exe after 0.10 seconds
Refreshing native plugins compatible for Editor in 0.35 ms, found 0 plugins.
Preloading 0 native plugins for Editor in 0.00 ms.
Unloading 1114 Unused Serialized files (Serialized files now loaded: 0)
System memory in use before: 70.5 MB.
System memory in use after: 70.6 MB.

Unloading 9 unused Assets to reduce memory usage. Loaded Objects now: 1579.
Total: 3.236200 ms (FindLiveObjects: 0.265900 ms CreateObjectMapping: 0.077500 ms MarkObjects: 2.755300 ms  DeleteObjects: 0.135000 ms)

========================================================================
Received Import Request.
  path: Assets/Tree.prefab
  artifactKey: Guid(553d5ca5c7e292847bfe03dba71a46fd) Importer(815301076,1909f56bfc062723c751e8b465ee728b)
Start importing Assets/Tree.prefab using Guid(553d5ca5c7e292847bfe03dba71a46fd) Importer(815301076,1909f56bfc062723c751e8b465ee728b)  -> (artifact id: 'f91605bbb333defcec2aaea5ac26bf16') in 0.378057 seconds
  Import took 0.385826 seconds .

========================================================================
Received Import Request.
  Time since last request: 5.757510 seconds.
  path: Assets/Materials/arbol.mat
  artifactKey: Guid(e2793d3449fe556419c200eaf0c0afab) Importer(815301076,1909f56bfc062723c751e8b465ee728b)
Start importing Assets/Materials/arbol.mat using Guid(e2793d3449fe556419c200eaf0c0afab) Importer(815301076,1909f56bfc062723c751e8b465ee728b)  -> (artifact id: '01be01eb1e83e4dfe63dc567407792c3') in 0.030016 seconds
  Import took 0.035358 seconds .

========================================================================
Received Import Request.
  Time since last request: 0.003425 seconds.
  path: Assets/Materials/arbol.mat
  artifactKey: Guid(e2793d3449fe556419c200eaf0c0afab) Importer(815301076,1909f56bfc062723c751e8b465ee728b)
Start importing Assets/Materials/arbol.mat using Guid(e2793d3449fe556419c200eaf0c0afab) Importer(815301076,1909f56bfc062723c751e8b465ee728b)  -> (artifact id: '01be01eb1e83e4dfe63dc567407792c3') in 0.014425 seconds
  Import took 0.020822 seconds .

========================================================================
Received Import Request.
  Time since last request: 22.323541 seconds.
  path: Assets/paleto.fbx
  artifactKey: Guid(e076ebd6fbb85a44a97d65f32fbb7c93) Importer(815301076,1909f56bfc062723c751e8b465ee728b)
Start importing Assets/paleto.fbx using Guid(e076ebd6fbb85a44a97d65f32fbb7c93) Importer(815301076,1909f56bfc062723c751e8b465ee728b)  -> (artifact id: '63c8ce7bda6f1e91a876ec144f442641') in 0.474278 seconds
  Import took 0.486231 seconds .

========================================================================
Received Prepare
Registering precompiled user dll's ...
Registered in 0.001382 seconds.
Begin MonoManager ReloadAssembly
Native extension for WindowsStandalone target not found
Refreshing native plugins compatible for Editor in 0.69 ms, found 0 plugins.
Preloading 0 native plugins for Editor in 0.00 ms.
Invoked RoslynAnalysisRunner static constructor.
RoslynAnalysisRunner will not be running.
RoslynAnalysisRunner has terminated.
Mono: successfully reloaded assembly
- Completed reload, in  2.614 seconds
Platform modules already initialized, skipping
Refreshing native plugins compatible for Editor in 0.56 ms, found 0 plugins.
Preloading 0 native plugins for Editor in 0.00 ms.
Unloading 1109 Unused Serialized files (Serialized files now loaded: 0)
System memory in use before: 74.1 MB.
System memory in use after: 74.1 MB.

Unloading 5 unused Assets to reduce memory usage. Loaded Objects now: 1625.
Total: 2.915900 ms (FindLiveObjects: 0.243900 ms CreateObjectMapping: 0.073900 ms MarkObjects: 2.448500 ms  DeleteObjects: 0.146400 ms)

AssetImportWorkerClient::OnTransportError - code=2 error=End of file
